<?xml version="1.0" encoding="UTF-8"?>
<!-- Generated by org.testng.reporters.JUnitReportReporter -->
<testsuite hostname="Ramadevi" failures="0" tests="1" name="selenium1.selenium1.Amazon_login_testcase_incorrect_credentials" time="9.105" errors="0" timestamp="2024-09-21T03:23:43 EDT" skipped="0">
  <testcase classname="selenium1.selenium1.Amazon_login_testcase_incorrect_credentials" name="login_button" time="9.105"/>
  <system-out/>
</testsuite> <!-- selenium1.selenium1.Amazon_login_testcase_incorrect_credentials -->
