<?xml version="1.0" encoding="UTF-8"?>
<!-- Generated by org.testng.reporters.JUnitReportReporter -->
<testsuite hostname="Ramadevi" failures="0" tests="1" name="selenium1.selenium1.Product_description_testcase" time="14.450" errors="0" timestamp="2024-09-23T22:52:16 EDT" skipped="0">
  <testcase classname="selenium1.selenium1.Product_description_testcase" name="login_buttion" time="14.450"/>
  <system-out>
    <![CDATA[My test case is passs]]>
  </system-out>
</testsuite> <!-- selenium1.selenium1.Product_description_testcase -->
