<?xml version="1.0" encoding="UTF-8"?>
<!-- Generated by org.testng.reporters.JUnitReportReporter -->
<testsuite hostname="Ramadevi" failures="0" tests="1" name="selenium1.selenium1.testcase1" time="0.010" errors="0" timestamp="2024-09-18T22:41:12 EDT" skipped="0">
  <testcase classname="selenium1.selenium1.testcase1" name="case1" time="0.010"/>
  <system-out/>
</testsuite> <!-- selenium1.selenium1.testcase1 -->
