<?xml version="1.0" encoding="UTF-8"?>
<!-- Generated by org.testng.reporters.JUnitReportReporter -->
<testsuite hostname="Ramadevi" failures="0" tests="1" name="selenium1.selenium1.Addtocart_fromproductpage_testcase" time="29.090" errors="0" timestamp="2024-09-25T10:03:06 EDT" skipped="0">
  <testcase classname="selenium1.selenium1.Addtocart_fromproductpage_testcase" name="addtocart" time="29.090"/>
  <system-out/>
</testsuite> <!-- selenium1.selenium1.Addtocart_fromproductpage_testcase -->
