<?xml version="1.0" encoding="UTF-8"?>
<!-- Generated by org.testng.reporters.JUnitReportReporter -->
<testsuite hostname="Ramadevi" failures="0" tests="1" name="selenium1.selenium1.Amazon_login_testcse_correct_credentials" time="11.468" errors="0" timestamp="2024-09-23T13:26:29 EDT" skipped="0">
  <testcase classname="selenium1.selenium1.Amazon_login_testcse_correct_credentials" name="login_buttion" time="11.468"/>
  <system-out>
    <![CDATA[My test case is passs]]>
  </system-out>
</testsuite> <!-- selenium1.selenium1.Amazon_login_testcse_correct_credentials -->
