<?xml version="1.0" encoding="UTF-8"?>
<!-- Generated by org.testng.reporters.JUnitReportReporter -->
<testsuite hostname="Ramadevi" failures="0" tests="1" name="selenium1.selenium1.Editprofile_testcase" time="17.230" errors="0" timestamp="2024-09-24T10:40:50 EDT" skipped="0">
  <testcase classname="selenium1.selenium1.Editprofile_testcase" name="loginsecurity" time="17.230"/>
  <system-out/>
</testsuite> <!-- selenium1.selenium1.Editprofile_testcase -->
