<?xml version="1.0" encoding="UTF-8"?>
<!-- Generated by org.testng.reporters.JUnitReportReporter -->
<testsuite hostname="Ramadevi" failures="0" tests="1" name="selenium1.selenium1.Search_result_testcase" time="30.204" errors="0" timestamp="2024-09-25T12:03:03 EDT" skipped="0">
  <testcase classname="selenium1.selenium1.Search_result_testcase" name="login_buttion" time="30.204"/>
  <system-out/>
</testsuite> <!-- selenium1.selenium1.Search_result_testcase -->
