<?xml version="1.0" encoding="UTF-8"?>
<!-- Generated by org.testng.reporters.JUnitReportReporter -->
<testsuite hostname="Ramadevi" failures="0" tests="1" name="selenium1.selenium1.testcase1" time="0.007" errors="0" timestamp="2024-10-03T09:47:04 EDT" skipped="0">
  <testcase classname="selenium1.selenium1.testcase1" name="case1" time="0.007"/>
  <system-out/>
</testsuite> <!-- selenium1.selenium1.testcase1 -->
