<?xml version="1.0" encoding="UTF-8"?>
<!-- Generated by org.testng.reporters.JUnitReportReporter -->
<testsuite hostname="Ramadevi" failures="0" tests="2" name="selenium1.selenium1.Testcas15_Amazon_cart_without_login" time="31.746" errors="0" timestamp="2024-10-07T14:28:39 EDT" skipped="0">
  <testcase classname="selenium1.selenium1.Testcas15_Amazon_cart_without_login" name="addtocart" time="16.010"/>
  <system-out>
    <![CDATA[My test case is passs]]>
  </system-out>
  <testcase classname="selenium1.selenium1.Testcas15_Amazon_cart_without_login" name="addtocart" time="15.736"/>
  <system-out>
    <![CDATA[My test case is passs]]>
  </system-out>
</testsuite> <!-- selenium1.selenium1.Testcas15_Amazon_cart_without_login -->
