<?xml version="1.0" encoding="UTF-8"?>
<!-- Generated by org.testng.reporters.JUnitReportReporter -->
<testsuite hostname="Ramadevi" failures="0" tests="1" name="selenium1.selenium1.Testcase10_remove_product_cart_testcase" time="32.144" errors="0" timestamp="2024-10-08T09:22:11 EDT" skipped="0">
  <testcase classname="selenium1.selenium1.Testcase10_remove_product_cart_testcase" name="removeproduct" time="32.144"/>
  <system-out>
    <![CDATA[My test case is passs]]>
  </system-out>
</testsuite> <!-- selenium1.selenium1.Testcase10_remove_product_cart_testcase -->
