<?xml version="1.0" encoding="UTF-8"?>
<!-- Generated by org.testng.reporters.JUnitReportReporter -->
<testsuite hostname="Ramadevi" failures="0" tests="1" name="selenium1.selenium1.Search_result_testcase" time="16.044" errors="0" timestamp="2024-09-21T18:13:20 EDT" skipped="0">
  <testcase classname="selenium1.selenium1.Search_result_testcase" name="login_buttion" time="16.044"/>
</testsuite> <!-- selenium1.selenium1.Search_result_testcase -->
