<?xml version="1.0" encoding="UTF-8"?>
<!-- Generated by org.testng.reporters.JUnitReportReporter -->
<testsuite hostname="Ramadevi" failures="0" tests="1" name="selenium1.selenium1.Amazon_login_testcse_correct_credentials" time="12.951" errors="0" timestamp="2024-09-21T18:13:20 EDT" skipped="0">
  <testcase classname="selenium1.selenium1.Amazon_login_testcse_correct_credentials" name="login_buttion" time="12.951"/>
</testsuite> <!-- selenium1.selenium1.Amazon_login_testcse_correct_credentials -->
