<?xml version="1.0" encoding="UTF-8"?>
<!-- Generated by org.testng.reporters.JUnitReportReporter -->
<testsuite hostname="Ramadevi" failures="0" tests="1" name="selenium1.selenium1.Amazon_login_testcase_incorrect_credentials" time="8.819" errors="0" timestamp="2024-09-20T14:12:04 EDT" skipped="0">
  <testcase classname="selenium1.selenium1.Amazon_login_testcase_incorrect_credentials" name="login_button" time="8.819"/>
</testsuite> <!-- selenium1.selenium1.Amazon_login_testcase_incorrect_credentials -->
