<?xml version="1.0" encoding="UTF-8"?>
<!-- Generated by org.testng.reporters.JUnitReportReporter -->
<testsuite hostname="Ramadevi" failures="0" tests="3" name="selenium1.selenium1.Testcase1_Amazon_register_new_user" time="27.512" errors="0" timestamp="2024-10-07T14:47:56 EDT" skipped="1">
  <testcase classname="selenium1.selenium1.Testcase1_Amazon_register_new_user" name="registration" time="6.955">
    <system-out>
      <![CDATA[My test case is passs]]>
    </system-out>
  </testcase> <!-- registration -->
  <testcase classname="selenium1.selenium1.Testcase1_Amazon_register_new_user" name="registration" time="10.320">
    <system-out>
      <![CDATA[My test case is passs]]>
    </system-out>
  </testcase> <!-- registration -->
  <testcase classname="selenium1.selenium1.Testcase1_Amazon_register_new_user" name="registration" time="10.237">
    <skipped/>
  </testcase> <!-- registration -->
  <system-out>
    <![CDATA[My test case is passs
My test case is failed
My test case is passs
My test case is passs
My test case is failed
My test case is failed
My test case is failed
My test case is failed
My test case is failed
My test case is failed
My test case is failed
My test case is failed
My test case is failed
My test case is failed
My test case is failed
My test case is passs
My test case is failed
My test case is failed
My test case is passs
My test case is failed
My test case is failed
My test case is failed
My test case is failed
My test case is failed
My test case is passs
My test case is failed]]>
  </system-out>
</testsuite> <!-- selenium1.selenium1.Testcase1_Amazon_register_new_user -->
