<?xml version="1.0" encoding="UTF-8"?>
<!-- Generated by org.testng.reporters.JUnitReportReporter -->
<testsuite hostname="Ramadevi" failures="0" tests="3" name="selenium1.selenium1.Testcase2_Amazon_login_testcse_correct_credentials" time="45.046" errors="0" timestamp="2024-10-07T14:47:56 EDT" skipped="1">
  <testcase classname="selenium1.selenium1.Testcase2_Amazon_login_testcse_correct_credentials" name="login_buttion" time="17.201">
    <system-out>
      <![CDATA[My test case is passs]]>
    </system-out>
  </testcase> <!-- login_buttion -->
  <testcase classname="selenium1.selenium1.Testcase2_Amazon_login_testcse_correct_credentials" name="login_buttion" time="15.775">
    <skipped/>
  </testcase> <!-- login_buttion -->
  <testcase classname="selenium1.selenium1.Testcase2_Amazon_login_testcse_correct_credentials" name="login_buttion" time="12.070">
    <system-out>
      <![CDATA[My test case is passs]]>
    </system-out>
  </testcase> <!-- login_buttion -->
  <system-out>
    <![CDATA[My test case is passs
My test case is failed
My test case is passs
My test case is passs
My test case is failed
My test case is failed
My test case is failed
My test case is failed
My test case is failed
My test case is failed
My test case is failed
My test case is failed
My test case is failed
My test case is failed
My test case is failed
My test case is passs
My test case is failed
My test case is failed
My test case is passs
My test case is failed
My test case is failed
My test case is failed
My test case is failed
My test case is failed
My test case is passs
My test case is failed]]>
  </system-out>
</testsuite> <!-- selenium1.selenium1.Testcase2_Amazon_login_testcse_correct_credentials -->
